-- Install configuration: ""
-- Up-to-date: /home/user/ws2/install/ws2_config/share/ws2_config/launch
-- Up-to-date: /home/user/ws2/install/ws2_config/share/ws2_config/launch/demo.launch.py
-- Up-to-date: /home/user/ws2/install/ws2_config/share/ws2_config/launch/spawn_controllers.launch.py
-- Up-to-date: /home/user/ws2/install/ws2_config/share/ws2_config/launch/moveit_rviz.launch.py
-- Up-to-date: /home/user/ws2/install/ws2_config/share/ws2_config/launch/warehouse_db.launch.py
-- Up-to-date: /home/user/ws2/install/ws2_config/share/ws2_config/launch/move_group.launch.py
-- Up-to-date: /home/user/ws2/install/ws2_config/share/ws2_config/launch/static_virtual_joint_tfs.launch.py
-- Up-to-date: /home/user/ws2/install/ws2_config/share/ws2_config/launch/setup_assistant.launch.py
-- Up-to-date: /home/user/ws2/install/ws2_config/share/ws2_config/launch/rsp.launch.py
-- Up-to-date: /home/user/ws2/install/ws2_config/share/ws2_config/config
-- Up-to-date: /home/user/ws2/install/ws2_config/share/ws2_config/config/joint_limits.yaml
-- Up-to-date: /home/user/ws2/install/ws2_config/share/ws2_config/config/ros2_controllers.yaml
-- Up-to-date: /home/user/ws2/install/ws2_config/share/ws2_config/config/initial_positions.yaml
-- Up-to-date: /home/user/ws2/install/ws2_config/share/ws2_config/config/kinematics.yaml
-- Up-to-date: /home/user/ws2/install/ws2_config/share/ws2_config/config/pilz_cartesian_limits.yaml
-- Up-to-date: /home/user/ws2/install/ws2_config/share/ws2_config/config/SO101.srdf
-- Installing: /home/user/ws2/install/ws2_config/share/ws2_config/config/moveit_controllers.yaml
-- Up-to-date: /home/user/ws2/install/ws2_config/share/ws2_config/config/moveit.rviz
-- Up-to-date: /home/user/ws2/install/ws2_config/share/ws2_config/config/SO101.ros2_control.xacro
-- Up-to-date: /home/user/ws2/install/ws2_config/share/ws2_config/config/SO101.urdf.xacro
-- Up-to-date: /home/user/ws2/install/ws2_config/share/ws2_config/.setup_assistant
-- Up-to-date: /home/user/ws2/install/ws2_config/share/ament_index/resource_index/package_run_dependencies/ws2_config
-- Up-to-date: /home/user/ws2/install/ws2_config/share/ament_index/resource_index/parent_prefix_path/ws2_config
-- Up-to-date: /home/user/ws2/install/ws2_config/share/ws2_config/environment/ament_prefix_path.sh
-- Up-to-date: /home/user/ws2/install/ws2_config/share/ws2_config/environment/ament_prefix_path.dsv
-- Up-to-date: /home/user/ws2/install/ws2_config/share/ws2_config/environment/path.sh
-- Up-to-date: /home/user/ws2/install/ws2_config/share/ws2_config/environment/path.dsv
-- Up-to-date: /home/user/ws2/install/ws2_config/share/ws2_config/local_setup.bash
-- Up-to-date: /home/user/ws2/install/ws2_config/share/ws2_config/local_setup.sh
-- Up-to-date: /home/user/ws2/install/ws2_config/share/ws2_config/local_setup.zsh
-- Up-to-date: /home/user/ws2/install/ws2_config/share/ws2_config/local_setup.dsv
-- Installing: /home/user/ws2/install/ws2_config/share/ws2_config/package.dsv
-- Up-to-date: /home/user/ws2/install/ws2_config/share/ament_index/resource_index/packages/ws2_config
-- Up-to-date: /home/user/ws2/install/ws2_config/share/ws2_config/cmake/ws2_configConfig.cmake
-- Up-to-date: /home/user/ws2/install/ws2_config/share/ws2_config/cmake/ws2_configConfig-version.cmake
-- Up-to-date: /home/user/ws2/install/ws2_config/share/ws2_config/package.xml
