[0.005s] Invoking command in '/home/user/ws2/build/ws2_config': CMAKE_PREFIX_PATH=/home/user/ws2/install/my_robot_description:/home/user/ws2/install/ws2_config:/opt/ros/jazzy/opt/gz_sim_vendor:/opt/ros/jazzy/opt/gz_sensors_vendor:/opt/ros/jazzy/opt/gz_physics_vendor:/opt/ros/jazzy/opt/sdformat_vendor:/opt/ros/jazzy/opt/gz_gui_vendor:/opt/ros/jazzy/opt/gz_transport_vendor:/opt/ros/jazzy/opt/gz_rendering_vendor:/opt/ros/jazzy/opt/gz_plugin_vendor:/opt/ros/jazzy/opt/gz_fuel_tools_vendor:/opt/ros/jazzy/opt/gz_msgs_vendor:/opt/ros/jazzy/opt/gz_common_vendor:/opt/ros/jazzy/opt/gz_math_vendor:/opt/ros/jazzy/opt/gz_utils_vendor:/opt/ros/jazzy/opt/gz_tools_vendor:/opt/ros/jazzy/opt/gz_ogre_next_vendor:/opt/ros/jazzy/opt/gz_dartsim_vendor:/opt/ros/jazzy/opt/gz_cmake_vendor:/home/user/ws2/install/isaac_bridge:/opt/ros/jazzy DEBUGINFOD_URLS=https://debuginfod.ubuntu.com /usr/bin/cmake --build /home/user/ws2/build/ws2_config -- -j20 -l20
[0.029s] Invoked command in '/home/user/ws2/build/ws2_config' returned '0': CMAKE_PREFIX_PATH=/home/user/ws2/install/my_robot_description:/home/user/ws2/install/ws2_config:/opt/ros/jazzy/opt/gz_sim_vendor:/opt/ros/jazzy/opt/gz_sensors_vendor:/opt/ros/jazzy/opt/gz_physics_vendor:/opt/ros/jazzy/opt/sdformat_vendor:/opt/ros/jazzy/opt/gz_gui_vendor:/opt/ros/jazzy/opt/gz_transport_vendor:/opt/ros/jazzy/opt/gz_rendering_vendor:/opt/ros/jazzy/opt/gz_plugin_vendor:/opt/ros/jazzy/opt/gz_fuel_tools_vendor:/opt/ros/jazzy/opt/gz_msgs_vendor:/opt/ros/jazzy/opt/gz_common_vendor:/opt/ros/jazzy/opt/gz_math_vendor:/opt/ros/jazzy/opt/gz_utils_vendor:/opt/ros/jazzy/opt/gz_tools_vendor:/opt/ros/jazzy/opt/gz_ogre_next_vendor:/opt/ros/jazzy/opt/gz_dartsim_vendor:/opt/ros/jazzy/opt/gz_cmake_vendor:/home/user/ws2/install/isaac_bridge:/opt/ros/jazzy DEBUGINFOD_URLS=https://debuginfod.ubuntu.com /usr/bin/cmake --build /home/user/ws2/build/ws2_config -- -j20 -l20
[0.031s] Invoking command in '/home/user/ws2/build/ws2_config': CMAKE_PREFIX_PATH=/home/user/ws2/install/my_robot_description:/home/user/ws2/install/ws2_config:/opt/ros/jazzy/opt/gz_sim_vendor:/opt/ros/jazzy/opt/gz_sensors_vendor:/opt/ros/jazzy/opt/gz_physics_vendor:/opt/ros/jazzy/opt/sdformat_vendor:/opt/ros/jazzy/opt/gz_gui_vendor:/opt/ros/jazzy/opt/gz_transport_vendor:/opt/ros/jazzy/opt/gz_rendering_vendor:/opt/ros/jazzy/opt/gz_plugin_vendor:/opt/ros/jazzy/opt/gz_fuel_tools_vendor:/opt/ros/jazzy/opt/gz_msgs_vendor:/opt/ros/jazzy/opt/gz_common_vendor:/opt/ros/jazzy/opt/gz_math_vendor:/opt/ros/jazzy/opt/gz_utils_vendor:/opt/ros/jazzy/opt/gz_tools_vendor:/opt/ros/jazzy/opt/gz_ogre_next_vendor:/opt/ros/jazzy/opt/gz_dartsim_vendor:/opt/ros/jazzy/opt/gz_cmake_vendor:/home/user/ws2/install/isaac_bridge:/opt/ros/jazzy DEBUGINFOD_URLS=https://debuginfod.ubuntu.com /usr/bin/cmake --install /home/user/ws2/build/ws2_config
[0.036s] -- Install configuration: ""
[0.036s] -- Up-to-date: /home/user/ws2/install/ws2_config/share/ws2_config/launch
[0.036s] -- Up-to-date: /home/user/ws2/install/ws2_config/share/ws2_config/launch/demo.launch.py
[0.036s] -- Up-to-date: /home/user/ws2/install/ws2_config/share/ws2_config/launch/spawn_controllers.launch.py
[0.036s] -- Up-to-date: /home/user/ws2/install/ws2_config/share/ws2_config/launch/moveit_rviz.launch.py
[0.036s] -- Up-to-date: /home/user/ws2/install/ws2_config/share/ws2_config/launch/warehouse_db.launch.py
[0.036s] -- Up-to-date: /home/user/ws2/install/ws2_config/share/ws2_config/launch/move_group.launch.py
[0.036s] -- Up-to-date: /home/user/ws2/install/ws2_config/share/ws2_config/launch/static_virtual_joint_tfs.launch.py
[0.036s] -- Up-to-date: /home/user/ws2/install/ws2_config/share/ws2_config/launch/setup_assistant.launch.py
[0.036s] -- Up-to-date: /home/user/ws2/install/ws2_config/share/ws2_config/launch/rsp.launch.py
[0.036s] -- Up-to-date: /home/user/ws2/install/ws2_config/share/ws2_config/config
[0.036s] -- Up-to-date: /home/user/ws2/install/ws2_config/share/ws2_config/config/joint_limits.yaml
[0.036s] -- Up-to-date: /home/user/ws2/install/ws2_config/share/ws2_config/config/ros2_controllers.yaml
[0.036s] -- Up-to-date: /home/user/ws2/install/ws2_config/share/ws2_config/config/initial_positions.yaml
[0.036s] -- Up-to-date: /home/user/ws2/install/ws2_config/share/ws2_config/config/kinematics.yaml
[0.036s] -- Up-to-date: /home/user/ws2/install/ws2_config/share/ws2_config/config/pilz_cartesian_limits.yaml
[0.036s] -- Installing: /home/user/ws2/install/ws2_config/share/ws2_config/config/SO101.srdf
[0.036s] -- Up-to-date: /home/user/ws2/install/ws2_config/share/ws2_config/config/moveit_controllers.yaml
[0.036s] -- Up-to-date: /home/user/ws2/install/ws2_config/share/ws2_config/config/moveit.rviz
[0.036s] -- Up-to-date: /home/user/ws2/install/ws2_config/share/ws2_config/config/SO101.ros2_control.xacro
[0.036s] -- Up-to-date: /home/user/ws2/install/ws2_config/share/ws2_config/config/SO101.urdf.xacro
[0.036s] -- Up-to-date: /home/user/ws2/install/ws2_config/share/ws2_config/.setup_assistant
[0.036s] -- Up-to-date: /home/user/ws2/install/ws2_config/share/ament_index/resource_index/package_run_dependencies/ws2_config
[0.036s] -- Up-to-date: /home/user/ws2/install/ws2_config/share/ament_index/resource_index/parent_prefix_path/ws2_config
[0.036s] -- Up-to-date: /home/user/ws2/install/ws2_config/share/ws2_config/environment/ament_prefix_path.sh
[0.036s] -- Up-to-date: /home/user/ws2/install/ws2_config/share/ws2_config/environment/ament_prefix_path.dsv
[0.036s] -- Up-to-date: /home/user/ws2/install/ws2_config/share/ws2_config/environment/path.sh
[0.036s] -- Up-to-date: /home/user/ws2/install/ws2_config/share/ws2_config/environment/path.dsv
[0.036s] -- Up-to-date: /home/user/ws2/install/ws2_config/share/ws2_config/local_setup.bash
[0.037s] -- Up-to-date: /home/user/ws2/install/ws2_config/share/ws2_config/local_setup.sh
[0.037s] -- Up-to-date: /home/user/ws2/install/ws2_config/share/ws2_config/local_setup.zsh
[0.037s] -- Up-to-date: /home/user/ws2/install/ws2_config/share/ws2_config/local_setup.dsv
[0.037s] -- Installing: /home/user/ws2/install/ws2_config/share/ws2_config/package.dsv
[0.037s] -- Up-to-date: /home/user/ws2/install/ws2_config/share/ament_index/resource_index/packages/ws2_config
[0.037s] -- Up-to-date: /home/user/ws2/install/ws2_config/share/ws2_config/cmake/ws2_configConfig.cmake
[0.037s] -- Up-to-date: /home/user/ws2/install/ws2_config/share/ws2_config/cmake/ws2_configConfig-version.cmake
[0.037s] -- Up-to-date: /home/user/ws2/install/ws2_config/share/ws2_config/package.xml
[0.037s] Invoked command in '/home/user/ws2/build/ws2_config' returned '0': CMAKE_PREFIX_PATH=/home/user/ws2/install/my_robot_description:/home/user/ws2/install/ws2_config:/opt/ros/jazzy/opt/gz_sim_vendor:/opt/ros/jazzy/opt/gz_sensors_vendor:/opt/ros/jazzy/opt/gz_physics_vendor:/opt/ros/jazzy/opt/sdformat_vendor:/opt/ros/jazzy/opt/gz_gui_vendor:/opt/ros/jazzy/opt/gz_transport_vendor:/opt/ros/jazzy/opt/gz_rendering_vendor:/opt/ros/jazzy/opt/gz_plugin_vendor:/opt/ros/jazzy/opt/gz_fuel_tools_vendor:/opt/ros/jazzy/opt/gz_msgs_vendor:/opt/ros/jazzy/opt/gz_common_vendor:/opt/ros/jazzy/opt/gz_math_vendor:/opt/ros/jazzy/opt/gz_utils_vendor:/opt/ros/jazzy/opt/gz_tools_vendor:/opt/ros/jazzy/opt/gz_ogre_next_vendor:/opt/ros/jazzy/opt/gz_dartsim_vendor:/opt/ros/jazzy/opt/gz_cmake_vendor:/home/user/ws2/install/isaac_bridge:/opt/ros/jazzy DEBUGINFOD_URLS=https://debuginfod.ubuntu.com /usr/bin/cmake --install /home/user/ws2/build/ws2_config
