[0.015s] Invoking command in '/home/user/ws2/build/my_robot_description': CMAKE_PREFIX_PATH=${CMAKE_PREFIX_PATH}:/home/user/ws2/install/isaac_bridge:/opt/ros/jazzy DEBUGINFOD_URLS=https://debuginfod.ubuntu.com /usr/bin/cmake --build /home/user/ws2/build/my_robot_description -- -j20 -l20
[0.132s] Invoked command in '/home/user/ws2/build/my_robot_description' returned '0': CMAKE_PREFIX_PATH=${CMAKE_PREFIX_PATH}:/home/user/ws2/install/isaac_bridge:/opt/ros/jazzy DEBUGINFOD_URLS=https://debuginfod.ubuntu.com /usr/bin/cmake --build /home/user/ws2/build/my_robot_description -- -j20 -l20
[0.140s] Invoking command in '/home/user/ws2/build/my_robot_description': CMAKE_PREFIX_PATH=${CMAKE_PREFIX_PATH}:/home/user/ws2/install/isaac_bridge:/opt/ros/jazzy DEBUGINFOD_URLS=https://debuginfod.ubuntu.com /usr/bin/cmake --install /home/user/ws2/build/my_robot_description
[0.146s] -- Install configuration: ""
[0.146s] -- Up-to-date: /home/user/ws2/install/my_robot_description/share/my_robot_description/launch
[0.146s] -- Up-to-date: /home/user/ws2/install/my_robot_description/share/my_robot_description/meshes
[0.146s] -- Up-to-date: /home/user/ws2/install/my_robot_description/share/my_robot_description/meshes/upper_arm_collisions_upper_arm_so101_v1_mesh.mtl
[0.146s] -- Up-to-date: /home/user/ws2/install/my_robot_description/share/my_robot_description/meshes/so101_new_calib_gripper_visuals_wrist_roll_follower_so101_v1_mesh.obj
[0.146s] -- Up-to-date: /home/user/ws2/install/my_robot_description/share/my_robot_description/meshes/upper_arm_collisions_sts3215_03a_v1_mesh.obj
[0.146s] -- Up-to-date: /home/user/ws2/install/my_robot_description/share/my_robot_description/meshes/wrist_collisions_sts3215_03a_no_horn_v1_mesh.obj
[0.146s] -- Up-to-date: /home/user/ws2/install/my_robot_description/share/my_robot_description/meshes/lower_arm_visuals_motor_holder_so101_wrist_v1_mesh.obj
[0.146s] -- Up-to-date: /home/user/ws2/install/my_robot_description/share/my_robot_description/meshes/lower_arm_collisions_motor_holder_so101_wrist_v1_mesh.mtl
[0.146s] -- Up-to-date: /home/user/ws2/install/my_robot_description/share/my_robot_description/meshes/so101_new_calib_moving_jaw_so101_v1_collisions_moving_jaw_so101_v1_mesh.mtl
[0.146s] -- Up-to-date: /home/user/ws2/install/my_robot_description/share/my_robot_description/meshes/so101_new_calib_gripper_visuals_wrist_roll_follower_so101_v1_mesh.mtl
[0.146s] -- Up-to-date: /home/user/ws2/install/my_robot_description/share/my_robot_description/meshes/base_collisions_waveshare_mounting_plate_so101_v2_mesh.obj
[0.146s] -- Up-to-date: /home/user/ws2/install/my_robot_description/share/my_robot_description/meshes/so101_new_calib_moving_jaw_so101_v1_visuals_moving_jaw_so101_v1_mesh.obj
[0.146s] -- Up-to-date: /home/user/ws2/install/my_robot_description/share/my_robot_description/meshes/shoulder_collisions_rotation_pitch_so101_v1_mesh.mtl
[0.146s] -- Up-to-date: /home/user/ws2/install/my_robot_description/share/my_robot_description/meshes/base_visuals_base_so101_v2_mesh.mtl
[0.146s] -- Up-to-date: /home/user/ws2/install/my_robot_description/share/my_robot_description/meshes/so101_new_calib_gripper_collisions_sts3215_03a_v1_mesh.mtl
[0.146s] -- Up-to-date: /home/user/ws2/install/my_robot_description/share/my_robot_description/meshes/base_collisions_base_so101_v2_mesh.obj
[0.146s] -- Up-to-date: /home/user/ws2/install/my_robot_description/share/my_robot_description/meshes/shoulder_visuals_rotation_pitch_so101_v1_mesh.mtl
[0.146s] -- Up-to-date: /home/user/ws2/install/my_robot_description/share/my_robot_description/meshes/shoulder_collisions_motor_holder_so101_base_v1_mesh.obj
[0.146s] -- Up-to-date: /home/user/ws2/install/my_robot_description/share/my_robot_description/meshes/so101_new_calib_gripper_collisions_wrist_roll_follower_so101_v1_mesh.mtl
[0.146s] -- Up-to-date: /home/user/ws2/install/my_robot_description/share/my_robot_description/meshes/lower_arm_visuals_sts3215_03a_v1_mesh.mtl
[0.146s] -- Up-to-date: /home/user/ws2/install/my_robot_description/share/my_robot_description/meshes/base_visuals_waveshare_mounting_plate_so101_v2_mesh.mtl
[0.146s] -- Up-to-date: /home/user/ws2/install/my_robot_description/share/my_robot_description/meshes/wrist_collisions_wrist_roll_pitch_so101_v2_mesh.mtl
[0.147s] -- Up-to-date: /home/user/ws2/install/my_robot_description/share/my_robot_description/meshes/base_visuals_base_motor_holder_so101_v1_mesh.obj
[0.147s] -- Up-to-date: /home/user/ws2/install/my_robot_description/share/my_robot_description/meshes/base_collisions_base_motor_holder_so101_v1_mesh.mtl
[0.147s] -- Up-to-date: /home/user/ws2/install/my_robot_description/share/my_robot_description/meshes/shoulder_visuals_sts3215_03a_v1_mesh.mtl
[0.147s] -- Up-to-date: /home/user/ws2/install/my_robot_description/share/my_robot_description/meshes/lower_arm_visuals_motor_holder_so101_wrist_v1_mesh.mtl
[0.147s] -- Up-to-date: /home/user/ws2/install/my_robot_description/share/my_robot_description/meshes/wrist_collisions_sts3215_03a_no_horn_v1_mesh.mtl
[0.147s] -- Up-to-date: /home/user/ws2/install/my_robot_description/share/my_robot_description/meshes/shoulder_visuals_rotation_pitch_so101_v1_mesh.obj
[0.147s] -- Up-to-date: /home/user/ws2/install/my_robot_description/share/my_robot_description/meshes/so101_new_calib_gripper_visuals_sts3215_03a_v1_mesh.mtl
[0.147s] -- Up-to-date: /home/user/ws2/install/my_robot_description/share/my_robot_description/meshes/wrist_visuals_wrist_roll_pitch_so101_v2_mesh.obj
[0.147s] -- Up-to-date: /home/user/ws2/install/my_robot_description/share/my_robot_description/meshes/base_visuals_sts3215_03a_v1_mesh.mtl
[0.147s] -- Up-to-date: /home/user/ws2/install/my_robot_description/share/my_robot_description/meshes/shoulder_visuals_motor_holder_so101_base_v1_mesh.mtl
[0.147s] -- Up-to-date: /home/user/ws2/install/my_robot_description/share/my_robot_description/meshes/so101_new_calib_moving_jaw_so101_v1_visuals_moving_jaw_so101_v1_mesh.mtl
[0.147s] -- Up-to-date: /home/user/ws2/install/my_robot_description/share/my_robot_description/meshes/upper_arm_visuals_upper_arm_so101_v1_mesh.obj
[0.147s] -- Up-to-date: /home/user/ws2/install/my_robot_description/share/my_robot_description/meshes/upper_arm_visuals_sts3215_03a_v1_mesh.mtl
[0.147s] -- Up-to-date: /home/user/ws2/install/my_robot_description/share/my_robot_description/meshes/upper_arm_collisions_sts3215_03a_v1_mesh.mtl
[0.147s] -- Up-to-date: /home/user/ws2/install/my_robot_description/share/my_robot_description/meshes/wrist_collisions_wrist_roll_pitch_so101_v2_mesh.obj
[0.147s] -- Up-to-date: /home/user/ws2/install/my_robot_description/share/my_robot_description/meshes/so101_new_calib_moving_jaw_so101_v1_collisions_moving_jaw_so101_v1_mesh.obj
[0.147s] -- Up-to-date: /home/user/ws2/install/my_robot_description/share/my_robot_description/meshes/base_collisions_sts3215_03a_v1_mesh.mtl
[0.147s] -- Up-to-date: /home/user/ws2/install/my_robot_description/share/my_robot_description/meshes/lower_arm_collisions_sts3215_03a_v1_mesh.obj
[0.147s] -- Up-to-date: /home/user/ws2/install/my_robot_description/share/my_robot_description/meshes/upper_arm_visuals_upper_arm_so101_v1_mesh.mtl
[0.147s] -- Up-to-date: /home/user/ws2/install/my_robot_description/share/my_robot_description/meshes/so101_new_calib_gripper_visuals_sts3215_03a_v1_mesh.obj
[0.147s] -- Up-to-date: /home/user/ws2/install/my_robot_description/share/my_robot_description/meshes/base_collisions_sts3215_03a_v1_mesh.obj
[0.147s] -- Up-to-date: /home/user/ws2/install/my_robot_description/share/my_robot_description/meshes/base_collisions_base_so101_v2_mesh.mtl
[0.147s] -- Up-to-date: /home/user/ws2/install/my_robot_description/share/my_robot_description/meshes/shoulder_collisions_sts3215_03a_v1_mesh.obj
[0.147s] -- Up-to-date: /home/user/ws2/install/my_robot_description/share/my_robot_description/meshes/upper_arm_collisions_upper_arm_so101_v1_mesh.obj
[0.147s] -- Up-to-date: /home/user/ws2/install/my_robot_description/share/my_robot_description/meshes/shoulder_collisions_motor_holder_so101_base_v1_mesh.mtl
[0.147s] -- Up-to-date: /home/user/ws2/install/my_robot_description/share/my_robot_description/meshes/shoulder_collisions_rotation_pitch_so101_v1_mesh.obj
[0.147s] -- Up-to-date: /home/user/ws2/install/my_robot_description/share/my_robot_description/meshes/lower_arm_visuals_under_arm_so101_v1_mesh.mtl
[0.147s] -- Up-to-date: /home/user/ws2/install/my_robot_description/share/my_robot_description/meshes/base_collisions_waveshare_mounting_plate_so101_v2_mesh.mtl
[0.147s] -- Up-to-date: /home/user/ws2/install/my_robot_description/share/my_robot_description/meshes/lower_arm_collisions_under_arm_so101_v1_mesh.mtl
[0.147s] -- Up-to-date: /home/user/ws2/install/my_robot_description/share/my_robot_description/meshes/base_visuals_waveshare_mounting_plate_so101_v2_mesh.obj
[0.147s] -- Up-to-date: /home/user/ws2/install/my_robot_description/share/my_robot_description/meshes/base_visuals_base_so101_v2_mesh.obj
[0.147s] -- Up-to-date: /home/user/ws2/install/my_robot_description/share/my_robot_description/meshes/shoulder_visuals_sts3215_03a_v1_mesh.obj
[0.147s] -- Up-to-date: /home/user/ws2/install/my_robot_description/share/my_robot_description/meshes/lower_arm_visuals_under_arm_so101_v1_mesh.obj
[0.147s] -- Up-to-date: /home/user/ws2/install/my_robot_description/share/my_robot_description/meshes/shoulder_collisions_sts3215_03a_v1_mesh.mtl
[0.147s] -- Up-to-date: /home/user/ws2/install/my_robot_description/share/my_robot_description/meshes/base_visuals_base_motor_holder_so101_v1_mesh.mtl
[0.147s] -- Up-to-date: /home/user/ws2/install/my_robot_description/share/my_robot_description/meshes/base_collisions_base_motor_holder_so101_v1_mesh.obj
[0.147s] -- Up-to-date: /home/user/ws2/install/my_robot_description/share/my_robot_description/meshes/lower_arm_collisions_motor_holder_so101_wrist_v1_mesh.obj
[0.147s] -- Up-to-date: /home/user/ws2/install/my_robot_description/share/my_robot_description/meshes/wrist_visuals_sts3215_03a_no_horn_v1_mesh.obj
[0.147s] -- Up-to-date: /home/user/ws2/install/my_robot_description/share/my_robot_description/meshes/so101_new_calib_gripper_collisions_wrist_roll_follower_so101_v1_mesh.obj
[0.147s] -- Up-to-date: /home/user/ws2/install/my_robot_description/share/my_robot_description/meshes/wrist_visuals_sts3215_03a_no_horn_v1_mesh.mtl
[0.147s] -- Up-to-date: /home/user/ws2/install/my_robot_description/share/my_robot_description/meshes/lower_arm_visuals_sts3215_03a_v1_mesh.obj
[0.147s] -- Up-to-date: /home/user/ws2/install/my_robot_description/share/my_robot_description/meshes/shoulder_visuals_motor_holder_so101_base_v1_mesh.obj
[0.147s] -- Up-to-date: /home/user/ws2/install/my_robot_description/share/my_robot_description/meshes/lower_arm_collisions_sts3215_03a_v1_mesh.mtl
[0.147s] -- Up-to-date: /home/user/ws2/install/my_robot_description/share/my_robot_description/meshes/base_visuals_sts3215_03a_v1_mesh.obj
[0.147s] -- Up-to-date: /home/user/ws2/install/my_robot_description/share/my_robot_description/meshes/upper_arm_visuals_sts3215_03a_v1_mesh.obj
[0.147s] -- Up-to-date: /home/user/ws2/install/my_robot_description/share/my_robot_description/meshes/wrist_visuals_wrist_roll_pitch_so101_v2_mesh.mtl
[0.148s] -- Up-to-date: /home/user/ws2/install/my_robot_description/share/my_robot_description/meshes/so101_new_calib_gripper_collisions_sts3215_03a_v1_mesh.obj
[0.148s] -- Up-to-date: /home/user/ws2/install/my_robot_description/share/my_robot_description/meshes/lower_arm_collisions_under_arm_so101_v1_mesh.obj
[0.148s] -- Up-to-date: /home/user/ws2/install/my_robot_description/share/my_robot_description/urdf
[0.148s] -- Installing: /home/user/ws2/install/my_robot_description/share/my_robot_description/urdf/so101ws2.urdf
[0.148s] -- Up-to-date: /home/user/ws2/install/my_robot_description/share/ament_index/resource_index/package_run_dependencies/my_robot_description
[0.148s] -- Up-to-date: /home/user/ws2/install/my_robot_description/share/ament_index/resource_index/parent_prefix_path/my_robot_description
[0.148s] -- Up-to-date: /home/user/ws2/install/my_robot_description/share/my_robot_description/environment/ament_prefix_path.sh
[0.148s] -- Up-to-date: /home/user/ws2/install/my_robot_description/share/my_robot_description/environment/ament_prefix_path.dsv
[0.148s] -- Up-to-date: /home/user/ws2/install/my_robot_description/share/my_robot_description/environment/path.sh
[0.148s] -- Up-to-date: /home/user/ws2/install/my_robot_description/share/my_robot_description/environment/path.dsv
[0.148s] -- Up-to-date: /home/user/ws2/install/my_robot_description/share/my_robot_description/local_setup.bash
[0.148s] -- Up-to-date: /home/user/ws2/install/my_robot_description/share/my_robot_description/local_setup.sh
[0.148s] -- Up-to-date: /home/user/ws2/install/my_robot_description/share/my_robot_description/local_setup.zsh
[0.148s] -- Up-to-date: /home/user/ws2/install/my_robot_description/share/my_robot_description/local_setup.dsv
[0.148s] -- Installing: /home/user/ws2/install/my_robot_description/share/my_robot_description/package.dsv
[0.148s] -- Up-to-date: /home/user/ws2/install/my_robot_description/share/ament_index/resource_index/packages/my_robot_description
[0.148s] -- Up-to-date: /home/user/ws2/install/my_robot_description/share/my_robot_description/cmake/my_robot_descriptionConfig.cmake
[0.148s] -- Up-to-date: /home/user/ws2/install/my_robot_description/share/my_robot_description/cmake/my_robot_descriptionConfig-version.cmake
[0.148s] -- Up-to-date: /home/user/ws2/install/my_robot_description/share/my_robot_description/package.xml
[0.148s] Invoked command in '/home/user/ws2/build/my_robot_description' returned '0': CMAKE_PREFIX_PATH=${CMAKE_PREFIX_PATH}:/home/user/ws2/install/isaac_bridge:/opt/ros/jazzy DEBUGINFOD_URLS=https://debuginfod.ubuntu.com /usr/bin/cmake --install /home/user/ws2/build/my_robot_description
