[0.056s] DEBUG:colcon:Command line arguments: ['/usr/bin/colcon', 'build', '--packages-select', 'ws2_config']
[0.056s] DEBUG:colcon:Parsed command line arguments: Namespace(log_base=None, log_level=None, verb_name='build', build_base='build', install_base='install', merge_install=False, symlink_install=False, test_result_base=None, continue_on_error=False, executor='parallel', parallel_workers=20, event_handlers=None, ignore_user_meta=False, metas=['./colcon.meta'], base_paths=['.'], packages_ignore=None, packages_ignore_regex=None, paths=None, packages_up_to=None, packages_up_to_regex=None, packages_above=None, packages_above_and_dependencies=None, packages_above_depth=None, packages_select_by_dep=None, packages_skip_by_dep=None, packages_skip_up_to=None, packages_select_build_failed=False, packages_skip_build_finished=False, packages_select_test_failures=False, packages_skip_test_passed=False, packages_select=['ws2_config'], packages_skip=None, packages_select_regex=None, packages_skip_regex=None, packages_start=None, packages_end=None, allow_overriding=[], cmake_args=None, cmake_target=None, cmake_target_skip_unavailable=False, cmake_clean_cache=False, cmake_clean_first=False, cmake_force_configure=False, ament_cmake_args=None, catkin_cmake_args=None, catkin_skip_building_tests=False, mixin_files=None, mixin=None, verb_parser=<colcon_mixin.mixin.mixin_argument.MixinArgumentDecorator object at 0x77c26b9be060>, verb_extension=<colcon_core.verb.build.BuildVerb object at 0x77c26bade8d0>, main=<bound method BuildVerb.main of <colcon_core.verb.build.BuildVerb object at 0x77c26bade8d0>>, mixin_verb=('build',))
[0.074s] Level 1:colcon.colcon_core.package_discovery:discover_packages(colcon_meta) check parameters
[0.074s] Level 1:colcon.colcon_core.package_discovery:discover_packages(recursive) check parameters
[0.074s] Level 1:colcon.colcon_core.package_discovery:discover_packages(ignore) check parameters
[0.074s] Level 1:colcon.colcon_core.package_discovery:discover_packages(path) check parameters
[0.074s] Level 1:colcon.colcon_core.package_discovery:discover_packages(colcon_meta) discover
[0.074s] Level 1:colcon.colcon_core.package_discovery:discover_packages(recursive) discover
[0.074s] INFO:colcon.colcon_core.package_discovery:Crawling recursively for packages in '/home/user/ws2'
[0.074s] Level 1:colcon.colcon_core.package_identification:_identify(.) by extensions ['ignore', 'ignore_ament_install']
[0.074s] Level 1:colcon.colcon_core.package_identification:_identify(.) by extension 'ignore'
[0.074s] Level 1:colcon.colcon_core.package_identification:_identify(.) by extension 'ignore_ament_install'
[0.074s] Level 1:colcon.colcon_core.package_identification:_identify(.) by extensions ['colcon_pkg']
[0.074s] Level 1:colcon.colcon_core.package_identification:_identify(.) by extension 'colcon_pkg'
[0.074s] Level 1:colcon.colcon_core.package_identification:_identify(.) by extensions ['colcon_meta']
[0.074s] Level 1:colcon.colcon_core.package_identification:_identify(.) by extension 'colcon_meta'
[0.074s] Level 1:colcon.colcon_core.package_identification:_identify(.) by extensions ['ros']
[0.074s] Level 1:colcon.colcon_core.package_identification:_identify(.) by extension 'ros'
[0.086s] Level 1:colcon.colcon_core.package_identification:_identify(.) by extensions ['cmake', 'python']
[0.086s] Level 1:colcon.colcon_core.package_identification:_identify(.) by extension 'cmake'
[0.086s] Level 1:colcon.colcon_core.package_identification:_identify(.) by extension 'python'
[0.086s] Level 1:colcon.colcon_core.package_identification:_identify(.) by extensions ['python_setup_py']
[0.086s] Level 1:colcon.colcon_core.package_identification:_identify(.) by extension 'python_setup_py'
[0.086s] Level 1:colcon.colcon_core.package_identification:_identify(build) by extensions ['ignore', 'ignore_ament_install']
[0.086s] Level 1:colcon.colcon_core.package_identification:_identify(build) by extension 'ignore'
[0.086s] Level 1:colcon.colcon_core.package_identification:_identify(build) ignored
[0.086s] Level 1:colcon.colcon_core.package_identification:_identify(install) by extensions ['ignore', 'ignore_ament_install']
[0.086s] Level 1:colcon.colcon_core.package_identification:_identify(install) by extension 'ignore'
[0.086s] Level 1:colcon.colcon_core.package_identification:_identify(install) ignored
[0.086s] Level 1:colcon.colcon_core.package_identification:_identify(log) by extensions ['ignore', 'ignore_ament_install']
[0.086s] Level 1:colcon.colcon_core.package_identification:_identify(log) by extension 'ignore'
[0.086s] Level 1:colcon.colcon_core.package_identification:_identify(log) ignored
[0.087s] Level 1:colcon.colcon_core.package_identification:_identify(src) by extensions ['ignore', 'ignore_ament_install']
[0.087s] Level 1:colcon.colcon_core.package_identification:_identify(src) by extension 'ignore'
[0.087s] Level 1:colcon.colcon_core.package_identification:_identify(src) by extension 'ignore_ament_install'
[0.087s] Level 1:colcon.colcon_core.package_identification:_identify(src) by extensions ['colcon_pkg']
[0.087s] Level 1:colcon.colcon_core.package_identification:_identify(src) by extension 'colcon_pkg'
[0.087s] Level 1:colcon.colcon_core.package_identification:_identify(src) by extensions ['colcon_meta']
[0.087s] Level 1:colcon.colcon_core.package_identification:_identify(src) by extension 'colcon_meta'
[0.087s] Level 1:colcon.colcon_core.package_identification:_identify(src) by extensions ['ros']
[0.087s] Level 1:colcon.colcon_core.package_identification:_identify(src) by extension 'ros'
[0.087s] Level 1:colcon.colcon_core.package_identification:_identify(src) by extensions ['cmake', 'python']
[0.087s] Level 1:colcon.colcon_core.package_identification:_identify(src) by extension 'cmake'
[0.087s] Level 1:colcon.colcon_core.package_identification:_identify(src) by extension 'python'
[0.087s] Level 1:colcon.colcon_core.package_identification:_identify(src) by extensions ['python_setup_py']
[0.087s] Level 1:colcon.colcon_core.package_identification:_identify(src) by extension 'python_setup_py'
[0.087s] Level 1:colcon.colcon_core.package_identification:_identify(src/my_robot_description) by extensions ['ignore', 'ignore_ament_install']
[0.087s] Level 1:colcon.colcon_core.package_identification:_identify(src/my_robot_description) by extension 'ignore'
[0.087s] Level 1:colcon.colcon_core.package_identification:_identify(src/my_robot_description) by extension 'ignore_ament_install'
[0.087s] Level 1:colcon.colcon_core.package_identification:_identify(src/my_robot_description) by extensions ['colcon_pkg']
[0.087s] Level 1:colcon.colcon_core.package_identification:_identify(src/my_robot_description) by extension 'colcon_pkg'
[0.087s] Level 1:colcon.colcon_core.package_identification:_identify(src/my_robot_description) by extensions ['colcon_meta']
[0.087s] Level 1:colcon.colcon_core.package_identification:_identify(src/my_robot_description) by extension 'colcon_meta'
[0.087s] Level 1:colcon.colcon_core.package_identification:_identify(src/my_robot_description) by extensions ['ros']
[0.087s] Level 1:colcon.colcon_core.package_identification:_identify(src/my_robot_description) by extension 'ros'
[0.088s] DEBUG:colcon.colcon_core.package_identification:Package 'src/my_robot_description' with type 'ros.ament_cmake' and name 'my_robot_description'
[0.088s] Level 1:colcon.colcon_core.package_identification:_identify(src/ws2_config) by extensions ['ignore', 'ignore_ament_install']
[0.088s] Level 1:colcon.colcon_core.package_identification:_identify(src/ws2_config) by extension 'ignore'
[0.088s] Level 1:colcon.colcon_core.package_identification:_identify(src/ws2_config) by extension 'ignore_ament_install'
[0.088s] Level 1:colcon.colcon_core.package_identification:_identify(src/ws2_config) by extensions ['colcon_pkg']
[0.088s] Level 1:colcon.colcon_core.package_identification:_identify(src/ws2_config) by extension 'colcon_pkg'
[0.088s] Level 1:colcon.colcon_core.package_identification:_identify(src/ws2_config) by extensions ['colcon_meta']
[0.088s] Level 1:colcon.colcon_core.package_identification:_identify(src/ws2_config) by extension 'colcon_meta'
[0.088s] Level 1:colcon.colcon_core.package_identification:_identify(src/ws2_config) by extensions ['ros']
[0.088s] Level 1:colcon.colcon_core.package_identification:_identify(src/ws2_config) by extension 'ros'
[0.088s] DEBUG:colcon.colcon_core.package_identification:Package 'src/ws2_config' with type 'ros.ament_cmake' and name 'ws2_config'
[0.089s] Level 1:colcon.colcon_core.package_discovery:discover_packages(recursive) using defaults
[0.089s] Level 1:colcon.colcon_core.package_discovery:discover_packages(ignore) discover
[0.089s] Level 1:colcon.colcon_core.package_discovery:discover_packages(ignore) using defaults
[0.089s] Level 1:colcon.colcon_core.package_discovery:discover_packages(path) discover
[0.089s] Level 1:colcon.colcon_core.package_discovery:discover_packages(path) using defaults
[0.097s] INFO:colcon.colcon_core.package_selection:Skipping not selected package 'my_robot_description' in 'src/my_robot_description'
[0.097s] Level 1:colcon.colcon_core.package_discovery:discover_packages(prefix_path) check parameters
[0.097s] Level 1:colcon.colcon_core.package_discovery:discover_packages(prefix_path) discover
[0.098s] DEBUG:colcon.colcon_installed_package_information.package_discovery:Found 2 installed packages in /home/user/ws2/install
[0.099s] DEBUG:colcon.colcon_installed_package_information.package_discovery:Found 475 installed packages in /opt/ros/jazzy
[0.100s] Level 1:colcon.colcon_core.package_discovery:discover_packages(prefix_path) using defaults
[0.123s] Level 5:colcon.colcon_core.verb:set package 'ws2_config' build argument 'cmake_args' from command line to 'None'
[0.123s] Level 5:colcon.colcon_core.verb:set package 'ws2_config' build argument 'cmake_target' from command line to 'None'
[0.123s] Level 5:colcon.colcon_core.verb:set package 'ws2_config' build argument 'cmake_target_skip_unavailable' from command line to 'False'
[0.123s] Level 5:colcon.colcon_core.verb:set package 'ws2_config' build argument 'cmake_clean_cache' from command line to 'False'
[0.123s] Level 5:colcon.colcon_core.verb:set package 'ws2_config' build argument 'cmake_clean_first' from command line to 'False'
[0.123s] Level 5:colcon.colcon_core.verb:set package 'ws2_config' build argument 'cmake_force_configure' from command line to 'False'
[0.123s] Level 5:colcon.colcon_core.verb:set package 'ws2_config' build argument 'ament_cmake_args' from command line to 'None'
[0.123s] Level 5:colcon.colcon_core.verb:set package 'ws2_config' build argument 'catkin_cmake_args' from command line to 'None'
[0.123s] Level 5:colcon.colcon_core.verb:set package 'ws2_config' build argument 'catkin_skip_building_tests' from command line to 'False'
[0.123s] DEBUG:colcon.colcon_core.verb:Building package 'ws2_config' with the following arguments: {'ament_cmake_args': None, 'build_base': '/home/user/ws2/build/ws2_config', 'catkin_cmake_args': None, 'catkin_skip_building_tests': False, 'cmake_args': None, 'cmake_clean_cache': False, 'cmake_clean_first': False, 'cmake_force_configure': False, 'cmake_target': None, 'cmake_target_skip_unavailable': False, 'install_base': '/home/user/ws2/install/ws2_config', 'merge_install': False, 'path': '/home/user/ws2/src/ws2_config', 'symlink_install': False, 'test_result_base': None}
[0.123s] INFO:colcon.colcon_core.executor:Executing jobs using 'parallel' executor
[0.124s] DEBUG:colcon.colcon_parallel_executor.executor.parallel:run_until_complete
[0.124s] INFO:colcon.colcon_ros.task.ament_cmake.build:Building ROS package in '/home/user/ws2/src/ws2_config' with build type 'ament_cmake'
[0.124s] INFO:colcon.colcon_cmake.task.cmake.build:Building CMake package in '/home/user/ws2/src/ws2_config'
[0.125s] INFO:colcon.colcon_core.plugin_system:Skipping extension 'colcon_core.shell.bat': Not used on non-Windows systems
[0.125s] INFO:colcon.colcon_core.shell:Skip shell extension 'powershell' for command environment: Not usable outside of PowerShell
[0.125s] DEBUG:colcon.colcon_core.shell:Skip shell extension 'dsv' for command environment
[0.130s] DEBUG:colcon.colcon_core.event_handler.log_command:Invoking command in '/home/user/ws2/build/ws2_config': CMAKE_PREFIX_PATH=/home/user/ws2/install/my_robot_description:/home/user/ws2/install/ws2_config:/opt/ros/jazzy/opt/gz_sim_vendor:/opt/ros/jazzy/opt/gz_sensors_vendor:/opt/ros/jazzy/opt/gz_physics_vendor:/opt/ros/jazzy/opt/sdformat_vendor:/opt/ros/jazzy/opt/gz_gui_vendor:/opt/ros/jazzy/opt/gz_transport_vendor:/opt/ros/jazzy/opt/gz_rendering_vendor:/opt/ros/jazzy/opt/gz_plugin_vendor:/opt/ros/jazzy/opt/gz_fuel_tools_vendor:/opt/ros/jazzy/opt/gz_msgs_vendor:/opt/ros/jazzy/opt/gz_common_vendor:/opt/ros/jazzy/opt/gz_math_vendor:/opt/ros/jazzy/opt/gz_utils_vendor:/opt/ros/jazzy/opt/gz_tools_vendor:/opt/ros/jazzy/opt/gz_ogre_next_vendor:/opt/ros/jazzy/opt/gz_dartsim_vendor:/opt/ros/jazzy/opt/gz_cmake_vendor:/opt/ros/jazzy DEBUGINFOD_URLS=https://debuginfod.ubuntu.com /usr/bin/cmake --build /home/user/ws2/build/ws2_config -- -j20 -l20
[0.156s] DEBUG:colcon.colcon_core.event_handler.log_command:Invoked command in '/home/user/ws2/build/ws2_config' returned '0': CMAKE_PREFIX_PATH=/home/user/ws2/install/my_robot_description:/home/user/ws2/install/ws2_config:/opt/ros/jazzy/opt/gz_sim_vendor:/opt/ros/jazzy/opt/gz_sensors_vendor:/opt/ros/jazzy/opt/gz_physics_vendor:/opt/ros/jazzy/opt/sdformat_vendor:/opt/ros/jazzy/opt/gz_gui_vendor:/opt/ros/jazzy/opt/gz_transport_vendor:/opt/ros/jazzy/opt/gz_rendering_vendor:/opt/ros/jazzy/opt/gz_plugin_vendor:/opt/ros/jazzy/opt/gz_fuel_tools_vendor:/opt/ros/jazzy/opt/gz_msgs_vendor:/opt/ros/jazzy/opt/gz_common_vendor:/opt/ros/jazzy/opt/gz_math_vendor:/opt/ros/jazzy/opt/gz_utils_vendor:/opt/ros/jazzy/opt/gz_tools_vendor:/opt/ros/jazzy/opt/gz_ogre_next_vendor:/opt/ros/jazzy/opt/gz_dartsim_vendor:/opt/ros/jazzy/opt/gz_cmake_vendor:/opt/ros/jazzy DEBUGINFOD_URLS=https://debuginfod.ubuntu.com /usr/bin/cmake --build /home/user/ws2/build/ws2_config -- -j20 -l20
[0.162s] DEBUG:colcon.colcon_core.event_handler.log_command:Invoking command in '/home/user/ws2/build/ws2_config': CMAKE_PREFIX_PATH=/home/user/ws2/install/my_robot_description:/home/user/ws2/install/ws2_config:/opt/ros/jazzy/opt/gz_sim_vendor:/opt/ros/jazzy/opt/gz_sensors_vendor:/opt/ros/jazzy/opt/gz_physics_vendor:/opt/ros/jazzy/opt/sdformat_vendor:/opt/ros/jazzy/opt/gz_gui_vendor:/opt/ros/jazzy/opt/gz_transport_vendor:/opt/ros/jazzy/opt/gz_rendering_vendor:/opt/ros/jazzy/opt/gz_plugin_vendor:/opt/ros/jazzy/opt/gz_fuel_tools_vendor:/opt/ros/jazzy/opt/gz_msgs_vendor:/opt/ros/jazzy/opt/gz_common_vendor:/opt/ros/jazzy/opt/gz_math_vendor:/opt/ros/jazzy/opt/gz_utils_vendor:/opt/ros/jazzy/opt/gz_tools_vendor:/opt/ros/jazzy/opt/gz_ogre_next_vendor:/opt/ros/jazzy/opt/gz_dartsim_vendor:/opt/ros/jazzy/opt/gz_cmake_vendor:/opt/ros/jazzy DEBUGINFOD_URLS=https://debuginfod.ubuntu.com /usr/bin/cmake --install /home/user/ws2/build/ws2_config
[0.178s] Level 1:colcon.colcon_core.environment:create_environment_scripts_only(ws2_config)
[0.179s] DEBUG:colcon.colcon_core.event_handler.log_command:Invoked command in '/home/user/ws2/build/ws2_config' returned '0': CMAKE_PREFIX_PATH=/home/user/ws2/install/my_robot_description:/home/user/ws2/install/ws2_config:/opt/ros/jazzy/opt/gz_sim_vendor:/opt/ros/jazzy/opt/gz_sensors_vendor:/opt/ros/jazzy/opt/gz_physics_vendor:/opt/ros/jazzy/opt/sdformat_vendor:/opt/ros/jazzy/opt/gz_gui_vendor:/opt/ros/jazzy/opt/gz_transport_vendor:/opt/ros/jazzy/opt/gz_rendering_vendor:/opt/ros/jazzy/opt/gz_plugin_vendor:/opt/ros/jazzy/opt/gz_fuel_tools_vendor:/opt/ros/jazzy/opt/gz_msgs_vendor:/opt/ros/jazzy/opt/gz_common_vendor:/opt/ros/jazzy/opt/gz_math_vendor:/opt/ros/jazzy/opt/gz_utils_vendor:/opt/ros/jazzy/opt/gz_tools_vendor:/opt/ros/jazzy/opt/gz_ogre_next_vendor:/opt/ros/jazzy/opt/gz_dartsim_vendor:/opt/ros/jazzy/opt/gz_cmake_vendor:/opt/ros/jazzy DEBUGINFOD_URLS=https://debuginfod.ubuntu.com /usr/bin/cmake --install /home/user/ws2/build/ws2_config
[0.180s] Level 1:colcon.colcon_core.environment:checking '/home/user/ws2/install/ws2_config' for CMake module files
[0.180s] Level 1:colcon.colcon_core.environment:checking '/home/user/ws2/install/ws2_config' for CMake config files
[0.180s] Level 1:colcon.colcon_core.shell:create_environment_hook('ws2_config', 'cmake_prefix_path')
[0.180s] INFO:colcon.colcon_core.shell:Creating environment hook '/home/user/ws2/install/ws2_config/share/ws2_config/hook/cmake_prefix_path.ps1'
[0.180s] INFO:colcon.colcon_core.shell:Creating environment descriptor '/home/user/ws2/install/ws2_config/share/ws2_config/hook/cmake_prefix_path.dsv'
[0.181s] INFO:colcon.colcon_core.shell:Creating environment hook '/home/user/ws2/install/ws2_config/share/ws2_config/hook/cmake_prefix_path.sh'
[0.181s] Level 1:colcon.colcon_core.environment:checking '/home/user/ws2/install/ws2_config/bin'
[0.181s] Level 1:colcon.colcon_core.environment:checking '/home/user/ws2/install/ws2_config/lib/pkgconfig/ws2_config.pc'
[0.181s] Level 1:colcon.colcon_core.environment:checking '/home/user/ws2/install/ws2_config/lib/python3.12/site-packages'
[0.181s] Level 1:colcon.colcon_core.environment:checking '/home/user/ws2/install/ws2_config/bin'
[0.181s] INFO:colcon.colcon_core.shell:Creating package script '/home/user/ws2/install/ws2_config/share/ws2_config/package.ps1'
[0.182s] INFO:colcon.colcon_core.shell:Creating package descriptor '/home/user/ws2/install/ws2_config/share/ws2_config/package.dsv'
[0.182s] INFO:colcon.colcon_core.shell:Creating package script '/home/user/ws2/install/ws2_config/share/ws2_config/package.sh'
[0.182s] INFO:colcon.colcon_core.shell:Creating package script '/home/user/ws2/install/ws2_config/share/ws2_config/package.bash'
[0.182s] INFO:colcon.colcon_core.shell:Creating package script '/home/user/ws2/install/ws2_config/share/ws2_config/package.zsh'
[0.182s] Level 1:colcon.colcon_core.environment:create_file_with_runtime_dependencies(/home/user/ws2/install/ws2_config/share/colcon-core/packages/ws2_config)
[0.183s] Level 1:colcon.colcon_core.environment:create_environment_scripts_only(ws2_config)
[0.183s] Level 1:colcon.colcon_core.environment:checking '/home/user/ws2/install/ws2_config' for CMake module files
[0.183s] Level 1:colcon.colcon_core.environment:checking '/home/user/ws2/install/ws2_config' for CMake config files
[0.183s] Level 1:colcon.colcon_core.shell:create_environment_hook('ws2_config', 'cmake_prefix_path')
[0.183s] INFO:colcon.colcon_core.shell:Creating environment hook '/home/user/ws2/install/ws2_config/share/ws2_config/hook/cmake_prefix_path.ps1'
[0.183s] INFO:colcon.colcon_core.shell:Creating environment descriptor '/home/user/ws2/install/ws2_config/share/ws2_config/hook/cmake_prefix_path.dsv'
[0.183s] INFO:colcon.colcon_core.shell:Creating environment hook '/home/user/ws2/install/ws2_config/share/ws2_config/hook/cmake_prefix_path.sh'
[0.183s] Level 1:colcon.colcon_core.environment:checking '/home/user/ws2/install/ws2_config/bin'
[0.183s] Level 1:colcon.colcon_core.environment:checking '/home/user/ws2/install/ws2_config/lib/pkgconfig/ws2_config.pc'
[0.184s] Level 1:colcon.colcon_core.environment:checking '/home/user/ws2/install/ws2_config/lib/python3.12/site-packages'
[0.184s] Level 1:colcon.colcon_core.environment:checking '/home/user/ws2/install/ws2_config/bin'
[0.184s] INFO:colcon.colcon_core.shell:Creating package script '/home/user/ws2/install/ws2_config/share/ws2_config/package.ps1'
[0.184s] INFO:colcon.colcon_core.shell:Creating package descriptor '/home/user/ws2/install/ws2_config/share/ws2_config/package.dsv'
[0.184s] INFO:colcon.colcon_core.shell:Creating package script '/home/user/ws2/install/ws2_config/share/ws2_config/package.sh'
[0.184s] INFO:colcon.colcon_core.shell:Creating package script '/home/user/ws2/install/ws2_config/share/ws2_config/package.bash'
[0.184s] INFO:colcon.colcon_core.shell:Creating package script '/home/user/ws2/install/ws2_config/share/ws2_config/package.zsh'
[0.185s] Level 1:colcon.colcon_core.environment:create_file_with_runtime_dependencies(/home/user/ws2/install/ws2_config/share/colcon-core/packages/ws2_config)
[0.185s] DEBUG:colcon.colcon_parallel_executor.executor.parallel:closing loop
[0.185s] DEBUG:colcon.colcon_parallel_executor.executor.parallel:loop closed
[0.185s] DEBUG:colcon.colcon_parallel_executor.executor.parallel:run_until_complete finished with '0'
[0.185s] DEBUG:colcon.colcon_core.event_reactor:joining thread
[0.188s] INFO:colcon.colcon_core.plugin_system:Skipping extension 'colcon_notification.desktop_notification.terminal_notifier': Not used on non-Darwin systems
[0.188s] INFO:colcon.colcon_core.plugin_system:Skipping extension 'colcon_notification.desktop_notification.win32': Not used on non-Windows systems
[0.188s] INFO:colcon.colcon_notification.desktop_notification:Sending desktop notification using 'notify2'
[0.197s] DEBUG:colcon.colcon_core.event_reactor:joined thread
[0.197s] INFO:colcon.colcon_core.shell:Creating prefix script '/home/user/ws2/install/local_setup.ps1'
[0.198s] INFO:colcon.colcon_core.shell:Creating prefix util module '/home/user/ws2/install/_local_setup_util_ps1.py'
[0.198s] INFO:colcon.colcon_core.shell:Creating prefix chain script '/home/user/ws2/install/setup.ps1'
[0.199s] INFO:colcon.colcon_core.shell:Creating prefix script '/home/user/ws2/install/local_setup.sh'
[0.199s] INFO:colcon.colcon_core.shell:Creating prefix util module '/home/user/ws2/install/_local_setup_util_sh.py'
[0.199s] INFO:colcon.colcon_core.shell:Creating prefix chain script '/home/user/ws2/install/setup.sh'
[0.199s] INFO:colcon.colcon_core.shell:Creating prefix script '/home/user/ws2/install/local_setup.bash'
[0.199s] INFO:colcon.colcon_core.shell:Creating prefix chain script '/home/user/ws2/install/setup.bash'
[0.200s] INFO:colcon.colcon_core.shell:Creating prefix script '/home/user/ws2/install/local_setup.zsh'
[0.200s] INFO:colcon.colcon_core.shell:Creating prefix chain script '/home/user/ws2/install/setup.zsh'
